Start Time = Tue Mar 17 10:38:44 EDT 2015
Launching simple example
Folder: /gpfs/courses/cse587/spring2015/data/hw2/data/
No. of files: 2970
Folder: /gpfs/courses/cse587/spring2015/data/hw2/data/
No. of files: 2970
Folder: /gpfs/courses/cse587/spring2015/data/hw2/data/
No. of files: 2970
Folder: /gpfs/courses/cse587/spring2015/data/hw2/data/
No. of files: 2970
Folder: /gpfs/courses/cse587/spring2015/data/hw2/data/
No. of files: 2970
Folder: /gpfs/courses/cse587/spring2015/data/hw2/data/
No. of files: 2970
Folder: /gpfs/courses/cse587/spring2015/data/hw2/data/
No. of files: 2970
Folder: /gpfs/courses/cse587/spring2015/data/hw2/data/
No. of files: 2970
Beginning computations...

Calculations complete.
Top stocks for the ARIMA model: COCO  APWC  FREE  IKAN  SPU  ELON  VLYWW  MTSL  CPST  IBCA 
Making a plot for the Arima modelpdf 
  2 

Plot created for Arima.

Job complete.Beginning computations...

Calculations complete.
Top stocks for the ARIMA model: COCO  APWC  FREE  IKAN  SPU  ELON  VLYWW  MTSL  CPST  IBCA 
Making a plot for the Arima modelpdf 
  2 

Plot created for Arima.

Job complete.Beginning computations...

Calculations complete.
Top stocks for the ARIMA model: COCO  APWC  FREE  IKAN  SPU  ELON  VLYWW  MTSL  CPST  IBCA 
Making a plot for the Arima modelpdf 
  2 

Plot created for Arima.

Job complete.Beginning computations...

Calculations complete.
Top stocks for the ARIMA model: COCO  APWC  FREE  IKAN  SPU  ELON  VLYWW  MTSL  CPST  IBCA 
Making a plot for the Arima modelpdf 
  2 

Plot created for Arima.

Job complete.Beginning computations...

Calculations complete.
Top stocks for the ARIMA model: COCO  APWC  FREE  IKAN  SPU  ELON  VLYWW  MTSL  CPST  IBCA 
Making a plot for the Arima modelpdf 
  2 

Plot created for Arima.

Job complete.Beginning computations...

Calculations complete.
Top stocks for the ARIMA model: COCO  APWC  FREE  IKAN  SPU  ELON  VLYWW  MTSL  CPST  IBCA 
Making a plot for the Arima modelpdf 
  2 

Plot created for Arima.

Job complete.Beginning computations...

Calculations complete.
Top stocks for the ARIMA model: COCO  APWC  FREE  IKAN  SPU  ELON  VLYWW  MTSL  CPST  IBCA 
Making a plot for the Arima modelpdf 
  2 

Plot created for Arima.

Job complete.Beginning computations...

Calculations complete.
Top stocks for the ARIMA model: COCO  APWC  FREE  IKAN  SPU  ELON  VLYWW  MTSL  CPST  IBCA 
Making a plot for the Arima modelpdf 
  2 

Plot created for Arima.

Job complete.All Done!
End Time = Wed Mar 18 15:37:57 EDT 2015
Elapsed Time = 104353 seconds
